processing out-afe199501.gz

processing out-afe199512.gz
processing out-afe199506.gz
processing out-afe199609.gz
processing out-afe200201.gz
processing out-afe200204.gz
processing out-apw199412.gz
processing out-apw199502.gz
processing out-apw199505.gz
processing out-afe199412.gz
processing out-apw199509.gz
processing out-apw199511.gz
processing out-apw199601.gz
processing out-apw199501.gz
processing out-apw199602.gz
processing out-afe199505.gz
processing out-afe199406.gz
processing out-afe199408.gz
processing out-afe199411.gz
processing out-afe199601.gz
processing out-afe199409.gz
processing out-afe199502.gz
processing out-afe199407.gz
processing out-afe199507.gz
processing out-afe199410.gz
processing out-afe199611.gz
processing out-afe199610.gz
processing out-afe199508.gz
rocessing out-afe199612.gz
processing out-afe199704.gzprocessing out-afe199702.gz
processing out-afe199509.gz
processing out-afe199605.gz
processing out-afe199703.gz

processing out-afe199608.gz
processing out-afe199705.gz
processing out-afe200202.gzprocessing out-afe200112.gz
processing out-apw199411.gz

processing out-afe199604.gz
processing out-afe199603.gz
processing out-afe199607.gz
processing out-afe200203.gz
processing out-afe199511.gz
processing out-afe200206.gz
processing out-apw199504.gz
processing out-apw199507.gz
processing out-apw199510.gz
processing out-apw199503.gz
processing out-apw199508.gz
processing out-afe199606.gz
processing out-apw199506.gz
processing out-apw199603.gz
processing out-apw199604.gz
processing out-apw199605.gz
processing out-apw199606.gz
processing out-apw199607.gz
processing out-apw199608.gz
processing out-apw199609.gz
processing out-apw199610.gz
processing out-apw199611.gz
processing out-apw199612.gz
processing out-apw199701.gz
processing out-apw199702.gz
processing out-apw199703.gz
processing out-apw199704.gz
processing out-apw199705.gz
processing out-apw199706.gz
processing out-apw199707.gz
processing out-apw199708.gz
processing out-apw199709.gz
processing out-apw199710.gz
processing out-apw199711.gz
processing out-apw199801.gz
processing out-apw199712.gz
processing out-apw199802.gz
processing out-apw199803.gz
processing out-apw199804.gz
processing out-apw199805.gz
processing out-apw199806.gz
processing out-apw199807.gz
processing out-apw199808.gz
processing out-apw199809.gz
processing out-apw199810.gz
processing out-apw199811.gz
processing out-apw199812.gz
processing out-apw199901.gz
processing out-apw199902.gz
processing out-apw199903.gz
processing out-apw199904.gz
processing out-apw199905.gz
processing out-apw199906.gz
processing out-apw199907.gz
processing out-apw199908.gz
processing out-apw199909.gz
processing out-apw199910.gz
processing out-apw199911.gz
processing out-apw200001.gz
processing out-apw200002.gz
processing out-apw200003.gz
processing out-apw200004.gz
processing out-apw200005.gz
processing out-apw200006.gz
processing out-apw200007.gz
processing out-apw200008.gz
processing out-apw200009.gz
processing out-apw200010.gz
processing out-apw200011.gz
processing out-apw200012.gz
processing out-apw200101.gz
processing out-apw200102.gz
processing out-apw200103.gz
processing out-apw200104.gz
processing out-apw200105.gz
processing out-apw200106.gz
processing out-apw200107.gz
processing out-apw200108.gz
processing out-apw200109.gz
processing out-apw200110.gz
processing out-apw200111.gz
processing out-apw200112.gz
processing out-apw200201.gz
processing out-apw200202.gz
processing out-apw200203.gz
processing out-apw200204.gz
processing out-apw200205.gz
processing out-apw200206.gz
processing out-nyt199407.gz
processing out-nyt199408.gz
processing out-nyt199409.gz
processing out-nyt199410.gz
processing out-nyt199411.gz
processing out-nyt199412.gz
processing out-nyt199501.gz
processing out-nyt199502.gz
processing out-nyt199503.gz
processing out-nyt199504.gz
processing out-nyt199505.gz
processing out-nyt199506.gz
processing out-nyt199507.gz
processing out-nyt199508.gz
processing out-nyt199509.gz
processing out-nyt199510.gz
processing out-nyt199511.gz
processing out-nyt199512.gz
processing out-nyt199601.gz
processing out-nyt199602.gz
processing out-nyt199603.gz
processing out-nyt199604.gz
processing out-nyt199605.gz
processing out-nyt199606.gz
processing out-nyt199607.gz
processing out-nyt199608.gz
processing out-nyt199609.gz
processing out-nyt199610.gz
processing out-nyt199611.gz
processing out-nyt199612.gz
processing out-nyt199701.gz
processing out-nyt199702.gz
processing out-nyt199703.gz
processing out-nyt199704.gz
processing out-nyt199705.gz
processing out-nyt199706.gz
processing out-nyt199707.gz
processing out-nyt199708.gz
processing out-nyt199709.gz
processing out-nyt199710.gz
processing out-nyt199711.gz
processing out-nyt199712.gz
processing out-nyt199801.gz
processing out-nyt199802.gz
processing out-nyt199803.gz
processing out-nyt199804.gz
processing out-nyt199805.gz
processing out-nyt199806.gz
processing out-nyt199807.gz
processing out-nyt199808.gz
processing out-nyt199809.gz
processing out-nyt199810.gz
processing out-nyt199811.gz
processing out-nyt199812.gz
processing out-nyt199901.gz
processing out-nyt199902.gz
processing out-nyt199903.gz
processing out-nyt199904.gz
processing out-nyt199905.gz
processing out-nyt199906.gz
processing out-nyt199907.gz
processing out-nyt199908.gz
processing out-nyt199909.gz
processing out-nyt199910.gz
processing out-nyt199911.gz
processing out-nyt199912.gz
processing out-nyt200001.gz
processing out-nyt200002.gz
processing out-nyt200003.gz
processing out-nyt200004.gz
processing out-nyt200005.gz
processing out-nyt200006.gz
processing out-nyt200007.gz
processing out-nyt200008.gz
processing out-nyt200009.gz
processing out-nyt200010.gz
processing out-nyt200011.gz
processing out-nyt200012.gz
processing out-nyt200101.gz
processing out-nyt200102.gz
processing out-nyt200103.gz
processing out-nyt200104.gz
processing out-nyt200105.gz
processing out-nyt200106.gz
processing out-nyt200107.gz
processing out-nyt200108.gz
processing out-nyt200109.gz
processing out-nyt200110.gz
processing out-nyt200111.gz
processing out-nyt200112.gz
processing out-nyt200201.gz
processing out-nyt200202.gz
processing out-nyt200203.gz
processing out-nyt200204.gz
processing out-nyt200205.gz
processing out-nyt200206.gz
processing out-xie199501.gz
processing out-xie199502.gz
processing out-xie199503.gz
processing out-xie199504.gz
processing out-xie199505.gz
processing out-xie199506.gz
processing out-xie199507.gz
processing out-xie199508.gz
processing out-xie199509.gz
processing out-xie199510.gz
processing out-xie199511.gz
processing out-xie199512.gz
processing out-xie199601.gz
processing out-xie199602.gz
processing out-xie199603.gz
processing out-xie199604.gz
processing out-xie199605.gz
processing out-xie199606.gz
processing out-xie199607.gz
processing out-xie199608.gz
processing out-xie199609.gz
processing out-xie199610.gz
processing out-xie199611.gz
processing out-xie199612.gz
processing out-xie199701.gz
processing out-xie199702.gz
processing out-xie199703.gz
processing out-xie199704.gz
processing out-xie199705.gz
processing out-xie199706.gz
processing out-xie199707.gz
processing out-xie199708.gz
processing out-xie199709.gz
processing out-xie199710.gz
processing out-xie199711.gz
processing out-xie199712.gz
processing out-xie199801.gz
processing out-xie199802.gz
processing out-xie199803.gz
processing out-xie199804.gz
processing out-xie199805.gz
processing out-xie199806.gz
processing out-xie199807.gz
processing out-xie199808.gz
processing out-xie199809.gz
processing out-xie199810.gz
processing out-xie199811.gz
processing out-xie199812.gz
processing out-xie199901.gz
processing out-xie199902.gz
processing out-xie199903.gz
processing out-xie199904.gz
processing out-xie199905.gz
processing out-xie199906.gz
processing out-xie199908.gz
processing out-xie199907.gz
processing out-xie199909.gz
processing out-xie199911.gz
processing out-xie199910.gz
processing out-xie199912.gz
processing out-xie200001.gz
processing out-xie200002.gz
processing out-xie200003.gz
processing out-xie200004.gz
processing out-xie200005.gz
processing out-xie200007.gz
processing out-xie200008.gz
processing out-xie200009.gz
processing out-xie200010.gz
processing out-xie200011.gz
processing out-xie200012.gz
processing out-xie200101.gz
processing out-xie200102.gz
processing out-xie200103.gz
processing out-xie200104.gz
processing out-xie200105.gz
processing out-xie200106.gz
processing out-xie200107.gz
processing out-xie200108.gz
processing out-xie200109.gz
processing out-xie200110.gz
processing out-xie200111.gz
