total # of pseudowords' components: 999
100000th line processing
200000th line processing
300000th line processing
400000th line processing
500000th line processing
600000th line processing
700000th line processing
800000th line processing
900000th line processing
1000000th line processing
1100000th line processing
1200000th line processing
1300000th line processing
1400000th line processing
1500000th line processing
1600000th line processing
1700000th line processing
1800000th line processing
1900000th line processing
2000000th line processing
2100000th line processing
2200000th line processing
2300000th line processing
2400000th line processing
2500000th line processing
2600000th line processing
2700000th line processing
2800000th line processing
2900000th line processing
3000000th line processing
3100000th line processing
3200000th line processing
3300000th line processing
3400000th line processing
3500000th line processing
3600000th line processing
3700000th line processing
3800000th line processing
3900000th line processing
4000000th line processing
4100000th line processing
4200000th line processing
4300000th line processing
4400000th line processing
4500000th line processing
4600000th line processing
4700000th line processing
4800000th line processing
4900000th line processing
5000000th line processing
5100000th line processing
5200000th line processing
5300000th line processing
5400000th line processing
5500000th line processing
5600000th line processing
5700000th line processing
5800000th line processing
5900000th line processing
6000000th line processing
6100000th line processing
6200000th line processing
6300000th line processing
6400000th line processing
6500000th line processing
6600000th line processing
6700000th line processing
6800000th line processing
6900000th line processing
7000000th line processing
7100000th line processing
7200000th line processing
7300000th line processing
7400000th line processing
7500000th line processing
7600000th line processing
7700000th line processing
7800000th line processing
7900000th line processing
8000000th line processing
8100000th line processing
8200000th line processing
8300000th line processing
8400000th line processing
8500000th line processing
8600000th line processing
8700000th line processing
8800000th line processing
8900000th line processing
9000000th line processing
9100000th line processing
9200000th line processing
9300000th line processing
9400000th line processing
9500000th line processing
9600000th line processing
9700000th line processing
9800000th line processing
9900000th line processing
10000000th line processing
10100000th line processing
10200000th line processing
10300000th line processing
10400000th line processing
10500000th line processing
10600000th line processing
10700000th line processing
10800000th line processing
10900000th line processing
11000000th line processing
11100000th line processing
11200000th line processing
11300000th line processing
11400000th line processing
11500000th line processing
11600000th line processing
11700000th line processing
11800000th line processing
11900000th line processing
12000000th line processing
12100000th line processing
12200000th line processing
12300000th line processing
12400000th line processing
12500000th line processing
12600000th line processing
12700000th line processing
12800000th line processing
12900000th line processing
13000000th line processing
13100000th line processing
13200000th line processing
13300000th line processing
13400000th line processing
13500000th line processing
13600000th line processing
13700000th line processing
13800000th line processing
13900000th line processing
14000000th line processing
14100000th line processing
14200000th line processing
14300000th line processing
14400000th line processing
14500000th line processing
14600000th line processing
14700000th line processing
14800000th line processing
14900000th line processing
15000000th line processing
15100000th line processing
15200000th line processing
15300000th line processing
15400000th line processing
15500000th line processing
15600000th line processing
15700000th line processing
15800000th line processing
15900000th line processing
16000000th line processing
16100000th line processing
16200000th line processing
16300000th line processing
concept, 4
liar, 4
serviceman, 4
effigy, 4
hurricane, 4
consul, 4
lack, 4
dynasty, 4
spacecraft, 4
rampart, 4
undersecretary, 4
golfer, 4
hate, 4
superpower, 4
rom, 4
voter, 4
buddy, 4
homage, 4
rivalry, 4
freelance, 4
swan, 4
disability, 4
shack, 4
messenger, 4
rightist, 4
hideout, 4
midwest, 4
sniper, 4
merchant, 4
adviser, 4
fay, 4
communique, 4
deli, 4
dessert, 4
olympus, 4
citadel, 4
psychologist, 4
rogue, 4
artwork, 4
evert, 4
surgeon, 4
livelihood, 4
fad, 4
catalonia, 4
retrial, 4
magnate, 4
dictatorship, 4
policeman, 4
stimulus, 4
strategist, 4
offender, 4
revulsion, 4
booze, 4
populist, 4
try, 4
baltimore, 4
depository, 4
sidewalk, 4
leicestershire, 4
sewage, 4
methane, 4
entourage, 4
paperback, 4
bicycle, 4
rebuke, 4
quilt, 4
bedroom, 4
mediterranean, 4
mural, 4
synergy, 4
negotiator, 4
longitude, 4
lawyer, 4
frankfurter, 4
healer, 4
cactus, 4
leakage, 4
hick, 4
blouse, 4
cargo, 4
abc, 4
economist, 4
jeopardy, 4
ufo, 4
astonishment, 4
uniform, 4
lefthander, 4
sur, 4
attire, 4
supplier, 4
international, 4
christian, 4
clergy, 4
malaria, 4
guardian, 4
guangzhou, 4
lobbyist, 4
courtroom, 4
rug, 4
defector, 4
guise, 4
apartment, 4
poverty, 4
grandma, 4
dorm, 4
iraq, 4
grounder, 4
dice, 4
cyclist, 4
bathtub, 4
daughter, 4
luggage, 4
guarantor, 4
controversy, 4
airport, 4
kidd, 4
weekday, 4
graph, 4
cessation, 4
literacy, 4
punishment, 4
taipei, 4
u.k., 4
ngo, 4
mediator, 4
wesleyan, 4
vii, 4
infield, 4
vodka, 4
performer, 4
captaincy, 4
composer, 4
nepalese, 4
glance, 4
cocaine, 4
firearm, 4
legislator, 4
warship, 4
archbishop, 4
canoe, 4
granger, 4
offside, 4
racketeer, 4
telegraph, 4
knoll, 4
limousine, 4
prosecutor, 4
booty, 4
porch, 4
tax, 4
kerosene, 4
curriculum, 4
kiosk, 4
empowerment, 4
fuel, 4
frenzy, 4
citizenry, 4
realty, 4
tariff, 4
chaplain, 4
brasil, 4
customer, 4
tribunal, 4
bartender, 4
salvador, 4
tokyo, 4
athlete, 4
baptism, 4
gasoline, 4
candlestick, 4
dew, 4
wallet, 4
nebraska, 4
finch, 4
wrestler, 4
entertainer, 4
gunfire, 4
fortress, 4
ghana, 4
boyfriend, 4
wharf, 4
airstrip, 4
december, 4
household, 4
india, 4
parachute, 4
liter, 4
hakeem, 4
tam, 4
pond, 4
airplane, 4
madame, 4
stewardship, 4
homicide, 4
doorman, 4
sword, 4
acrimony, 4
sailboat, 4
geology, 4
sandstone, 4
mismanagement, 4
chemical, 4
lam, 4
animal, 4
custodian, 4
maestro, 4
furnace, 4
idaho, 4
dialect, 4
lan, 4
sandwich, 4
calligraphy, 4
farm, 4
advice, 4
audubon, 4
lab, 4
diagram, 4
mac, 4
produce, 4
adventure, 4
klan, 4
communicator, 4
data, 4
aviator, 4
fray, 4
stronghold, 4
imagery, 4
sioux, 4
commodity, 4
applicant, 4
racetrack, 4
stash, 4
blunder, 4
propriety, 4
complexity, 4
courage, 4
jail, 4
dread, 4
healthcare, 4
tbilisi, 4
mustache, 4
feed, 4
infant, 4
warhead, 4
negro, 4
tuberculosis, 4
telecom, 4
urine, 4
underside, 4
entity, 4
embezzlement, 4
scientist, 4
motorcycle, 4
quake, 4
cruise, 4
quagmire, 4
mayor, 4
faa, 4
borneo, 4
flea, 4
distaste, 4
guerrilla, 4
vicinity, 4
mattress, 4
youngster, 4
soccer, 4
norway, 4
priesthood, 4
workload, 4
dad, 4
someone, 4
afforestation, 4
tourist, 4
songwriter, 4
auto, 4
workout, 4
versace, 4
bane, 4
refinery, 4
harbinger, 4
therapy, 4
campaigner, 4
suitor, 4
unionist, 4
misuse, 4
township, 4
investor, 4
plateau, 4
schoolteacher, 4
oxygen, 4
mathematician, 4
torque, 4
curator, 4
swimsuit, 4
leather, 4
narrator, 4
conservatism, 4
victory, 4
embankment, 4
ochoa, 4
mean, 4
malfunction, 4
camaraderie, 4
england, 4
partisanship, 4
garment, 4
mistreatment, 4
blinder, 4
pantry, 4
slowdown, 4
duchess, 4
bra, 4
manifesto, 4
begum, 4
measurement, 4
drugstore, 4
programmer, 4
workweek, 4
salesman, 4
anarchy, 4
canada, 4
semen, 4
decree, 4
container, 4
psychology, 4
entertainment, 4
oklahoma, 4
nepal, 4
pigeon, 4
factory, 4
seaport, 4
garret, 4
activist, 4
remorse, 4
narrative, 4
whirlpool, 4
reformist, 4
venezuela, 4
highway, 4
inaction, 4
dunk, 4
franc, 4
philharmonic, 4
hairdresser, 4
siege, 4
porcelain, 4
dung, 4
pub, 4
incarceration, 4
switzerland, 4
california, 4
intruder, 4
clique, 4
bun, 4
likelihood, 4
princess, 4
chlorine, 4
revolutionary, 4
steak, 4
laborer, 4
hostile, 4
freshwater, 4
florida, 4
sediment, 4
silicon, 4
conversation, 4
prejudice, 4
rainforest, 4
outcry, 4
ancestor, 4
waitress, 4
legality, 4
emotion, 4
artistry, 4
limestone, 4
statue, 4
researcher, 4
potter, 4
jesus, 4
letdown, 4
downside, 4
guidebook, 4
traveler, 4
accuser, 4
jew, 4
district, 4
divorce, 4
historian, 4
stealth, 4
sentinel, 4
carmaker, 4
ankle, 4
racist, 4
nigeria, 4
kor, 4
syrup, 4
militancy, 4
duress, 4
enforcement, 4
hug, 4
outreach, 4
hotel, 4
artifact, 4
blacklist, 4
treasurer, 4
reunification, 4
elite, 4
inventor, 4
chef, 4
photograph, 4
guild, 4
orchard, 4
rampage, 4
tavern, 4
rival, 4
outlaw, 4
cartoonist, 4
writ, 4
calamity, 4
architect, 4
spurt, 4
doctorate, 4
abkhazia, 4
coronation, 4
respectability, 4
anthropologist, 4
illness, 4
surname, 4
scarcity, 4
willingness, 4
hue, 4
raj, 4
robot, 4
anthology, 4
pedestrian, 4
buy, 4
enforcer, 4
gala, 4
financier, 4
manitoba, 4
capitalism, 4
dozen, 4
microphone, 4
heft, 4
roux, 4
cave, 4
scotland, 4
consortium, 4
auctioneer, 4
masse, 4
equipment, 4
entirety, 4
jefferson, 4
chairman, 4
tactic, 4
educator, 4
commentary, 4
pianist, 4
pharmacist, 4
greenback, 4
nobody, 4
u.s.a., 4
roster, 4
monastery, 4
headmaster, 4
technicality, 4
guitar, 4
cigarette, 4
vengeance, 4
germany, 4
demise, 4
prisoner, 4
librarian, 4
qatari, 4
coin, 4
medal, 4
herman, 4
achievement, 4
prostitute, 4
bradford, 4
statute, 4
tendon, 4
mineral, 4
chronicle, 4
montage, 4
seafood, 4
disease, 4
treaty, 4
aunt, 4
brew, 4
businessman, 4
consumer, 4
directorate, 4
cdc, 4
visitor, 4
ballplayer, 4
walkway, 4
antelope, 4
moroccan, 4
tenet, 4
hillside, 4
massage, 4
fink, 4
greenhouse, 4
industrialist, 4
rector, 4
fine, 4
availability, 4
knowledge, 4
tire, 4
headline, 4
townspeople, 4
firewood, 4
minnesota, 4
impresario, 4
employer, 4
september, 4
enzyme, 4
geologist, 4
condom, 4
employee, 4
apprentice, 4
conduit, 4
trivia, 4
downpour, 4
psychiatrist, 4
plaintiff, 4
assistant, 4
massacre, 4
trait, 4
kind, 4
appetizer, 4
listener, 4
osha, 4
tailor, 4
occupant, 4
theft, 4
magistrate, 4
disadvantage, 4
merchandise, 4
earl, 4
huff, 4
avoidance, 4
sleaze, 4
aluminum, 4
artist, 4
spokesperson, 4
businesswoman, 4
workman, 4
summary, 4
nickelodeon, 4
grader, 4
juror, 4
landlord, 4
pacifist, 4
spaniard, 4
archaeologist, 4
river, 4
tourney, 4
husband, 4
patriotism, 4
karnataka, 4
choreographer, 4
locale, 4
commandant, 4
vine, 4
cattle, 4
iran, 4
innovator, 4
pastel, 4
schoolhouse, 4
duff, 4
expert, 4
movie, 4
laureate, 4
brunt, 4
forecast, 4
altercation, 4
yogurt, 4
muslim, 4
pistol, 4
sabotage, 4
rosa, 4
dempsey, 4
warrior, 4
monarchy, 4
shoreline, 4
exam, 4
mcintosh, 4
rerun, 4
ignorance, 4
displeasure, 4
physicist, 4
courtyard, 4
philanthropist, 4
aircraft, 4
strikeout, 4
queensland, 4
haji, 4
pepsi, 4
gentry, 4
motto, 4
ale, 4
lawsuit, 4
absentee, 4
rapporteur, 4
ringleader, 4
legislature, 4
cop, 4
mariner, 4
superstar, 4
merida, 4
libya, 4
restaurant, 4
profanity, 4
trader, 4
counterterrorism, 4
sonata, 4
drug, 4
restroom, 4
columnist, 4
touchstone, 4
sprinter, 4
senator, 4
murder, 4
backpack, 4
journey, 4
mausoleum, 4
dominique, 4
majesty, 4
armchair, 4
snowfall, 4
resentment, 4
homosexuality, 4
palate, 4
alumnus, 4
ante, 4
eyewitness, 4
cypriot, 4
horticulture, 4
onus, 4
lighthouse, 4
sari, 4
prc, 4
eradication, 4
trajectory, 4
selloff, 4
yap, 4
quiz, 4
mart, 4
charisma, 4
stadium, 4
poet, 4
informer, 4
prototype, 4
louisiana, 4
mary, 4
mujahedeen, 4
schoolboy, 4
firm, 4
jfk, 4
homosexual, 4
swirl, 4
boardroom, 4
rubble, 4
filmmaker, 4
attacker, 4
gam, 4
shortfall, 4
instructor, 4
spain, 4
mohammad, 4
predicament, 4
debtor, 4
airforce, 4
gale, 4
sauce, 4
unwillingness, 4
provost, 4
kentucky, 4
calcium, 4
sexuality, 4
editorial, 4
antony, 4
vegetarian, 4
lingo, 4
redevelopment, 4
mexico, 4
wholesaler, 4
dissident, 4
hoax, 4
cluster, 4
vow, 4
chasm, 4
arabia, 4
protein, 4
welshman, 4
deterrent, 4
surcharge, 4
shopkeeper, 4
cuisine, 4
pathfinder, 4
italy, 4
shirt, 4
sociologist, 4
oven, 4
woodland, 4
confidant, 4
lava, 4
surveillance, 4
heartbreak, 4
pauli, 4
wasteland, 4
terrorism, 4
sexism, 4
disciple, 4
prerequisite, 4
workplace, 4
hallway, 4
nih, 4
practitioner, 4
d.c., 4
dusk, 4
saddam, 4
bureaucrat, 4
overweight, 4
workforce, 4
gator, 4
waterfall, 4
advertisement, 4
knack, 4
opportunity, 4
vocalist, 4
celtic, 4
transaction, 4
piazza, 4
infertility, 4
indonesia, 4
craven, 4
resettlement, 4
col, 4
concrete, 4
wye, 4
nordic, 4
savvy, 4
foyer, 4
wreckage, 4
prevention, 4
protege, 4
taxi, 4
advertiser, 4
chore, 4
cameo, 4
commodore, 4
noah, 4
unemployment, 4
playwright, 4
glut, 4
actress, 4
inception, 4
bandwidth, 4
pariah, 4
biologist, 4
alternative, 4
prince, 4
atoll, 4
wage, 4
penchant, 4
clergyman, 4
sunflower, 4
feminist, 4
photographer, 4
mobility, 4
goodman, 4
airfield, 4
disparity, 4
bloc, 4
teenager, 4
citizen, 4
relevance, 4
morgue, 4
descendant, 4
footballer, 4
fortuna, 4
cellphone, 4
myth, 4
africa, 4
rolf, 4
utah, 4
proponent, 4
paratrooper, 4
earnest, 4
newsstand, 4
zimbabwe, 4
barge, 4
desk, 4
belgium, 4
migrant, 4
vigilante, 4
rumor, 4
furniture, 4
clan, 4
ambrose, 4
paramilitary, 4
towel, 4
sofa, 4
magellan, 4
pol, 4
candy, 4
competence, 4
alamo, 4
suitcase, 4
baptist, 4
battlefield, 4
arbitrage, 4
guaranty, 4
habitat, 4
diocese, 4
trainee, 4
lebanon, 4
thief, 4
pacific, 4
physician, 4
pregnancy, 4
astronomer, 4
export, 4
mideast, 4
sprint, 4
newsletter, 4
accomplice, 4
theatrical, 4
orbiter, 4
sociology, 4
jewelry, 4
colonial, 4
corpse, 4
pew, 4
miner, 4
seller, 4
violinist, 4
tad, 4
newsprint, 4
hitler, 4
scalp, 4
expo, 4
epic, 4
espionage, 4
stairway, 4
methamphetamine, 4
squabble, 4
murderer, 4
thoroughfare, 4
poem, 4
booklet, 4
benefactor, 4
broker, 4
carpenter, 4
journeyman, 4
tortilla, 4
corp, 4
thermometer, 4
instinct, 4
adversary, 4
frenchman, 4
acc, 4
throng, 4
lifestyle, 4
rematch, 4
nightclub, 4
cliche, 4
visa, 4
medicare, 4
toothpaste, 4
congressman, 4
tomb, 4
derailment, 4
software, 4
warranty, 4
disclosure, 4
outset, 4
sonar, 4
dilemma, 4
creativity, 4
emissary, 4
loner, 4
empress, 4
entrepreneur, 4
playoff, 4
militiaman, 4
champ, 4
doctrine, 4
lender, 4
wade, 4
stench, 4
newscast, 4
paraphernalia, 4
pager, 4
omen, 4
firefighter, 4
proprietor, 4
feat, 4
mettle, 4
waite, 4
accountant, 4
handbook, 4
refrigerator, 4
wax, 4
valley, 4
fastball, 4
asset, 4
michelangelo, 4
insurrection, 4
cosmopolitan, 4
insurer, 4
excerpt, 4
murphy, 4
fertilizer, 4
lerner, 4
peninsula, 4
cloth, 4
atlantic, 4
arbour, 4
candidacy, 4
info, 4
patriot, 4
illustrator, 4
commercialism, 4
demeanor, 4
erica, 4
whiskey, 4
fdr, 4
defendant, 4
vatican, 4
deadlock, 4
torso, 4
affection, 4
insignia, 4
passenger, 4
bedouin, 4
disgrace, 4
pontiff, 4
johnny, 4
repatriation, 4
nudity, 4
frye, 4
deer, 4
textbook, 4
resumption, 4
behest, 4
inn, 4
cure, 4
expertise, 4
ship, 4
cafe, 4
archive, 4
backfield, 4
nac, 4
vista, 4
moniker, 4
englishman, 4
slaughterhouse, 4
idiot, 4
credibility, 4
westminster, 4
cinematography, 4
astronaut, 4
ledge, 4
income, 4
warehouse, 4
zimmer, 4
sorcerer, 4
desecration, 4
nuance, 4
mismatch, 4
arbitrator, 4
rex, 4
outpatient, 4
parenthood, 4
apparel, 4
mahdi, 4
weaponry, 4
registry, 4
velocity, 4
persecution, 4
troupe, 4
desert, 4
saxophonist, 4
statesman, 4
consternation, 4
inevitability, 4
wife, 4
readership, 4
lipstick, 4
password, 4
pension, 4
diagnosis, 4
bribe, 4
psychiatry, 4
frankfurt, 4
